[debug] [2018-05-09T14:09:48.158Z] ----------------------------------------------------------------------
[debug] [2018-05-09T14:09:48.160Z] Command:       C:\Program Files\nodejs\node.exe C:\Users\adambd\AppData\Roaming\npm\node_modules\firebase-tools\bin\firebase deploy
[debug] [2018-05-09T14:09:48.160Z] CLI Version:   3.18.4
[debug] [2018-05-09T14:09:48.160Z] Platform:      win32
[debug] [2018-05-09T14:09:48.160Z] Node Version:  v8.10.0
[debug] [2018-05-09T14:09:48.161Z] Time:          Wed May 09 2018 15:09:48 GMT+0100 (GMT Summer Time)
[debug] [2018-05-09T14:09:48.161Z] ----------------------------------------------------------------------
[debug] 
[debug] [2018-05-09T14:09:48.173Z] > command requires scopes: ["email","openid","https://www.googleapis.com/auth/cloudplatformprojects.readonly","https://www.googleapis.com/auth/firebase","https://www.googleapis.com/auth/cloud-platform"]
[debug] [2018-05-09T14:09:48.174Z] > authorizing via signed-in user
[debug] [2018-05-09T14:09:48.175Z] > refreshing access token with scopes: ["email","https://www.googleapis.com/auth/cloud-platform","https://www.googleapis.com/auth/cloudplatformprojects.readonly","https://www.googleapis.com/auth/firebase","openid"]
[debug] [2018-05-09T14:09:48.175Z] >>> HTTP REQUEST POST https://www.googleapis.com/oauth2/v3/token  
 { refresh_token: '1/NI4j-2Gg6088HrycwVfCAKjjSpkVbM-lQ2rUp7UJl60',
  client_id: '563584335869-fgrhgmd47bqnekij5i8b5pr03ho849e6.apps.googleusercontent.com',
  client_secret: 'j9iVZfS8kkCEFUPaAeJV0sAi',
  grant_type: 'refresh_token',
  scope: 'email https://www.googleapis.com/auth/cloud-platform https://www.googleapis.com/auth/cloudplatformprojects.readonly https://www.googleapis.com/auth/firebase openid' } 
 Wed May 09 2018 15:09:48 GMT+0100 (GMT Summer Time)
[debug] [2018-05-09T14:09:48.326Z] <<< HTTP RESPONSE 200
[debug] [2018-05-09T14:09:48.332Z] >>> HTTP REQUEST GET https://admin.firebase.com/v1/projects/bakalwebagent  
  
 Wed May 09 2018 15:09:48 GMT+0100 (GMT Summer Time)
[debug] [2018-05-09T14:09:48.981Z] <<< HTTP RESPONSE 200
[debug] [2018-05-09T14:09:48.982Z] >>> HTTP REQUEST GET https://admin.firebase.com/v1/database/bakalwebagent/tokens  
  
 Wed May 09 2018 15:09:48 GMT+0100 (GMT Summer Time)
[debug] [2018-05-09T14:09:49.537Z] <<< HTTP RESPONSE 200
